This is pdfTeX, Version 3.14159265-2.6-1.40.17 (MiKTeX 2.9) (preloaded format=pdflatex 2016.7.23)  27 FEB 2017 12:50
entering extended mode
**C:/Users/00/Desktop/Lyapunov/lecture1/document/assign1_sqx.tex
(C:/Users/00/Desktop/Lyapunov/lecture1/document/assign1_sqx.tex
LaTeX2e <2016/03/31> patch level 1
Babel <3.9r> and hyphenation patterns for 75 language(s) loaded.
("C:\Program Files\MiKTeX 2.9\tex\latex\base\article.cls"
Document Class: article 2014/09/29 v1.4h Standard LaTeX document class
("C:\Program Files\MiKTeX 2.9\tex\latex\base\size10.clo"
File: size10.clo 2014/09/29 v1.4h Standard LaTeX file (size option)
)
\c@part=\count79
\c@section=\count80
\c@subsection=\count81
\c@subsubsection=\count82
\c@paragraph=\count83
\c@subparagraph=\count84
\c@figure=\count85
\c@table=\count86
\abovecaptionskip=\skip41
\belowcaptionskip=\skip42
\bibindent=\dimen102
)
("C:\Program Files\MiKTeX 2.9\tex\latex\graphics\graphicx.sty"
Package: graphicx 2014/10/28 v1.0g Enhanced LaTeX Graphics (DPC,SPQR)

("C:\Program Files\MiKTeX 2.9\tex\latex\graphics\keyval.sty"
Package: keyval 2014/10/28 v1.15 key=value parser (DPC)
\KV@toks@=\toks14
)
("C:\Program Files\MiKTeX 2.9\tex\latex\graphics\graphics.sty"
Package: graphics 2016/06/02 v1.0s Standard LaTeX Graphics (DPC,SPQR)

("C:\Program Files\MiKTeX 2.9\tex\latex\graphics\trig.sty"
Package: trig 2016/01/03 v1.10 sin cos tan (DPC)
)
("C:\Program Files\MiKTeX 2.9\tex\latex\00miktex\graphics.cfg"
File: graphics.cfg 2016/06/04 v1.11 sample graphics configuration
)
Package graphics Info: Driver file: pdftex.def on input line 99.

("C:\Program Files\MiKTeX 2.9\tex\latex\pdftex-def\pdftex.def"
File: pdftex.def 2016/06/17 v0.06h Graphics/color for pdfTeX

("C:\Program Files\MiKTeX 2.9\tex\generic\oberdiek\infwarerr.sty"
Package: infwarerr 2016/05/16 v1.4 Providing info/warning/error messages (HO)
)
("C:\Program Files\MiKTeX 2.9\tex\generic\oberdiek\ltxcmds.sty"
Package: ltxcmds 2016/05/16 v1.23 LaTeX kernel commands for general use (HO)
)
\Gread@gobject=\count87
))
\Gin@req@height=\dimen103
\Gin@req@width=\dimen104
)
("C:\Program Files\MiKTeX 2.9\tex\latex\tools\indentfirst.sty"
Package: indentfirst 1995/11/23 v1.03 Indent first paragraph (DPC)
)
(assign1_sqx.aux)
\openout1 = `assign1_sqx.aux'.

LaTeX Font Info:    Checking defaults for OML/cmm/m/it on input line 11.
LaTeX Font Info:    ... okay on input line 11.
LaTeX Font Info:    Checking defaults for T1/cmr/m/n on input line 11.
LaTeX Font Info:    ... okay on input line 11.
LaTeX Font Info:    Checking defaults for OT1/cmr/m/n on input line 11.
LaTeX Font Info:    ... okay on input line 11.
LaTeX Font Info:    Checking defaults for OMS/cmsy/m/n on input line 11.
LaTeX Font Info:    ... okay on input line 11.
LaTeX Font Info:    Checking defaults for OMX/cmex/m/n on input line 11.
LaTeX Font Info:    ... okay on input line 11.
LaTeX Font Info:    Checking defaults for U/cmr/m/n on input line 11.
LaTeX Font Info:    ... okay on input line 11.
 ("C:\Program Files\MiKTeX 2.9\tex\context\base\supp-pdf.mkii"
[Loading MPS to PDF converter (version 2006.09.02).]
\scratchcounter=\count88
\scratchdimen=\dimen105
\scratchbox=\box26
\nofMPsegments=\count89
\nofMParguments=\count90
\everyMPshowfont=\toks15
\MPscratchCnt=\count91
\MPscratchDim=\dimen106
\MPnumerator=\count92
\makeMPintoPDFobject=\count93
\everyMPtoPDFconversion=\toks16
) ("C:\Program Files\MiKTeX 2.9\tex\generic\oberdiek\pdftexcmds.sty"
Package: pdftexcmds 2016/05/21 v0.22 Utility functions of pdfTeX for LuaTeX (HO
)

("C:\Program Files\MiKTeX 2.9\tex\generic\oberdiek\ifluatex.sty"
Package: ifluatex 2016/05/16 v1.4 Provides the ifluatex switch (HO)
Package ifluatex Info: LuaTeX not detected.
)
("C:\Program Files\MiKTeX 2.9\tex\generic\oberdiek\ifpdf.sty"
Package: ifpdf 2016/05/14 v3.1 Provides the ifpdf switch
)
Package pdftexcmds Info: LuaTeX not detected.
Package pdftexcmds Info: \pdf@primitive is available.
Package pdftexcmds Info: \pdf@ifprimitive is available.
Package pdftexcmds Info: \pdfdraftmode found.
)
("C:\Program Files\MiKTeX 2.9\tex\latex\oberdiek\epstopdf-base.sty"
Package: epstopdf-base 2016/05/15 v2.6 Base part for package epstopdf

("C:\Program Files\MiKTeX 2.9\tex\latex\oberdiek\grfext.sty"
Package: grfext 2016/05/16 v1.2 Manage graphics extensions (HO)

("C:\Program Files\MiKTeX 2.9\tex\generic\oberdiek\kvdefinekeys.sty"
Package: kvdefinekeys 2016/05/16 v1.4 Define keys (HO)
))
("C:\Program Files\MiKTeX 2.9\tex\latex\oberdiek\kvoptions.sty"
Package: kvoptions 2016/05/16 v3.12 Key value format for package options (HO)

("C:\Program Files\MiKTeX 2.9\tex\generic\oberdiek\kvsetkeys.sty"
Package: kvsetkeys 2016/05/16 v1.17 Key value parser (HO)

("C:\Program Files\MiKTeX 2.9\tex\generic\oberdiek\etexcmds.sty"
Package: etexcmds 2016/05/16 v1.6 Avoid name clashes with e-TeX commands (HO)
Package etexcmds Info: Could not find \expanded.
(etexcmds)             That can mean that you are not using pdfTeX 1.50 or
(etexcmds)             that some package has redefined \expanded.
(etexcmds)             In the latter case, load this package earlier.
)))
Package epstopdf-base Info: Redefining graphics rule for `.eps' on input line 4
38.
Package grfext Info: Graphics extension search list:
(grfext)             [.png,.pdf,.jpg,.mps,.jpeg,.jbig2,.jb2,.PNG,.PDF,.JPG,.JPE
G,.JBIG2,.JB2,.eps]
(grfext)             \AppendGraphicsExtensions on input line 456.
)
LaTeX Font Info:    External font `cmex10' loaded for size
(Font)              <12> on input line 12.
LaTeX Font Info:    External font `cmex10' loaded for size
(Font)              <8> on input line 12.
LaTeX Font Info:    External font `cmex10' loaded for size
(Font)              <6> on input line 12.
LaTeX Font Info:    External font `cmex10' loaded for size
(Font)              <7> on input line 19.
LaTeX Font Info:    External font `cmex10' loaded for size
(Font)              <5> on input line 19.
Package epstopdf Info: Source file: <figs/response_20.eps>
(epstopdf)                    date: 2017-02-24 10:58:45
(epstopdf)                    size: 28983 bytes
(epstopdf)             Output file: <figs/response_20-eps-converted-to.pdf>
(epstopdf)                    date: 2017-02-24 11:14:02
(epstopdf)                    size: 20732 bytes
(epstopdf)             Command: <epstopdf --outfile=figs/response_20-eps-conver
ted-to.pdf figs/response_20.eps>
(epstopdf)             \includegraphics on input line 41.
Package epstopdf Info: Output file is already uptodate.

<figs/response_20-eps-converted-to.pdf, id=1, 420.57124pt x 316.18124pt>
File: figs/response_20-eps-converted-to.pdf Graphic file (type pdf)

<use figs/response_20-eps-converted-to.pdf>
Package pdftex.def Info: figs/response_20-eps-converted-to.pdf used on input li
ne 41.
(pdftex.def)             Requested size: 276.00105pt x 207.49825pt.
Package epstopdf Info: Source file: <figs/phase_plane_20.eps>
(epstopdf)                    date: 2017-02-24 10:59:21
(epstopdf)                    size: 33726 bytes
(epstopdf)             Output file: <figs/phase_plane_20-eps-converted-to.pdf>
(epstopdf)                    date: 2017-02-24 11:16:23
(epstopdf)                    size: 21316 bytes
(epstopdf)             Command: <epstopdf --outfile=figs/phase_plane_20-eps-con
verted-to.pdf figs/phase_plane_20.eps>
(epstopdf)             \includegraphics on input line 48.
Package epstopdf Info: Output file is already uptodate.

<figs/phase_plane_20-eps-converted-to.pdf, id=2, 421.575pt x 316.18124pt>
File: figs/phase_plane_20-eps-converted-to.pdf Graphic file (type pdf)

<use figs/phase_plane_20-eps-converted-to.pdf>
Package pdftex.def Info: figs/phase_plane_20-eps-converted-to.pdf used on input
 line 48.
(pdftex.def)             Requested size: 276.00105pt x 207.00615pt.
Package epstopdf Info: Source file: <figs/response_50.eps>
(epstopdf)                    date: 2017-02-24 10:57:55
(epstopdf)                    size: 48635 bytes
(epstopdf)             Output file: <figs/response_50-eps-converted-to.pdf>
(epstopdf)                    date: 2017-02-24 11:16:24
(epstopdf)                    size: 36130 bytes
(epstopdf)             Command: <epstopdf --outfile=figs/response_50-eps-conver
ted-to.pdf figs/response_50.eps>
(epstopdf)             \includegraphics on input line 55.
Package epstopdf Info: Output file is already uptodate.

<figs/response_50-eps-converted-to.pdf, id=3, 420.57124pt x 316.18124pt>
File: figs/response_50-eps-converted-to.pdf Graphic file (type pdf)

<use figs/response_50-eps-converted-to.pdf>
Package pdftex.def Info: figs/response_50-eps-converted-to.pdf used on input li
ne 55.
(pdftex.def)             Requested size: 276.00105pt x 207.49825pt.
Package epstopdf Info: Source file: <figs/phase_plane_50.eps>
(epstopdf)                    date: 2017-02-24 10:57:13
(epstopdf)                    size: 62799 bytes
(epstopdf)             Output file: <figs/phase_plane_50-eps-converted-to.pdf>
(epstopdf)                    date: 2017-02-24 11:16:25
(epstopdf)                    size: 42367 bytes
(epstopdf)             Command: <epstopdf --outfile=figs/phase_plane_50-eps-con
verted-to.pdf figs/phase_plane_50.eps>
(epstopdf)             \includegraphics on input line 62.
Package epstopdf Info: Output file is already uptodate.

<figs/phase_plane_50-eps-converted-to.pdf, id=4, 420.57124pt x 316.18124pt>
File: figs/phase_plane_50-eps-converted-to.pdf Graphic file (type pdf)

<use figs/phase_plane_50-eps-converted-to.pdf>
Package pdftex.def Info: figs/phase_plane_50-eps-converted-to.pdf used on input
 line 62.
(pdftex.def)             Requested size: 276.00105pt x 207.49825pt.
 [1

{C:/ProgramData/MiKTeX/2.9/pdftex/config/pdftex.map}] [2 <./figs/response_20-ep
s-converted-to.pdf> <./figs/phase_plane_20-eps-converted-to.pdf>] [3 <./figs/re
sponse_50-eps-converted-to.pdf> <./figs/phase_plane_50-eps-converted-to.pdf>] (
assign1_sqx.aux) ) 
Here is how much of TeX's memory you used:
 1519 strings out of 493335
 22127 string characters out of 3139269
 80387 words of memory out of 3000000
 5051 multiletter control sequences out of 15000+200000
 7280 words of font info for 26 fonts, out of 3000000 for 9000
 1141 hyphenation exceptions out of 8191
 40i,6n,25p,423b,220s stack positions out of 5000i,500n,10000p,200000b,50000s
<C:/Program Files/MiKTeX 2.9/fonts/type1/public/amsfonts/cm/c
mbx12.pfb><C:/Program Files/MiKTeX 2.9/fonts/type1/public/amsfonts/cm/cmmi10.pf
b><C:/Program Files/MiKTeX 2.9/fonts/type1/public/amsfonts/cm/cmr10.pfb><C:/Pro
gram Files/MiKTeX 2.9/fonts/type1/public/amsfonts/cm/cmr12.pfb><C:/Program File
s/MiKTeX 2.9/fonts/type1/public/amsfonts/cm/cmr17.pfb><C:/Program Files/MiKTeX 
2.9/fonts/type1/public/amsfonts/cm/cmr7.pfb>
Output written on assign1_sqx.pdf (3 pages, 182885 bytes).
PDF statistics:
 56 PDF objects out of 1000 (max. 8388607)
 0 named destinations out of 1000 (max. 500000)
 21 words of extra memory for PDF output out of 10000 (max. 10000000)

