This is pdfTeX, Version 3.14159265-2.6-1.40.17 (MiKTeX 2.9) (preloaded format=pdflatex 2016.7.23)  10 MAR 2017 11:30
entering extended mode
**C:/Users/00/Desktop/assignments/Lyapunov/lecture2/document/assign2_sqx.tex
(C:/Users/00/Desktop/assignments/Lyapunov/lecture2/document/assign2_sqx.tex
LaTeX2e <2016/03/31> patch level 1
Babel <3.9r> and hyphenation patterns for 75 language(s) loaded.
("C:\Program Files\MiKTeX 2.9\tex\latex\base\article.cls"
Document Class: article 2014/09/29 v1.4h Standard LaTeX document class
("C:\Program Files\MiKTeX 2.9\tex\latex\base\size12.clo"
File: size12.clo 2014/09/29 v1.4h Standard LaTeX file (size option)
)
\c@part=\count79
\c@section=\count80
\c@subsection=\count81
\c@subsubsection=\count82
\c@paragraph=\count83
\c@subparagraph=\count84
\c@figure=\count85
\c@table=\count86
\abovecaptionskip=\skip41
\belowcaptionskip=\skip42
\bibindent=\dimen102
)
("C:\Program Files\MiKTeX 2.9\tex\latex\graphics\graphicx.sty"
Package: graphicx 2014/10/28 v1.0g Enhanced LaTeX Graphics (DPC,SPQR)

("C:\Program Files\MiKTeX 2.9\tex\latex\graphics\keyval.sty"
Package: keyval 2014/10/28 v1.15 key=value parser (DPC)
\KV@toks@=\toks14
)
("C:\Program Files\MiKTeX 2.9\tex\latex\graphics\graphics.sty"
Package: graphics 2016/06/02 v1.0s Standard LaTeX Graphics (DPC,SPQR)

("C:\Program Files\MiKTeX 2.9\tex\latex\graphics\trig.sty"
Package: trig 2016/01/03 v1.10 sin cos tan (DPC)
)
("C:\Program Files\MiKTeX 2.9\tex\latex\00miktex\graphics.cfg"
File: graphics.cfg 2016/06/04 v1.11 sample graphics configuration
)
Package graphics Info: Driver file: pdftex.def on input line 99.

("C:\Program Files\MiKTeX 2.9\tex\latex\pdftex-def\pdftex.def"
File: pdftex.def 2016/06/17 v0.06h Graphics/color for pdfTeX

("C:\Program Files\MiKTeX 2.9\tex\generic\oberdiek\infwarerr.sty"
Package: infwarerr 2016/05/16 v1.4 Providing info/warning/error messages (HO)
)
("C:\Program Files\MiKTeX 2.9\tex\generic\oberdiek\ltxcmds.sty"
Package: ltxcmds 2016/05/16 v1.23 LaTeX kernel commands for general use (HO)
)
\Gread@gobject=\count87
))
\Gin@req@height=\dimen103
\Gin@req@width=\dimen104
)
("C:\Program Files\MiKTeX 2.9\tex\latex\tools\indentfirst.sty"
Package: indentfirst 1995/11/23 v1.03 Indent first paragraph (DPC)
)
("C:\Program Files\MiKTeX 2.9\tex\latex\tools\enumerate.sty"
Package: enumerate 2015/07/23 v3.00 enumerate extensions (DPC)
\@enLab=\toks15
)
("C:\Program Files\MiKTeX 2.9\tex\latex\geometry\geometry.sty"
Package: geometry 2010/09/12 v5.6 Page Geometry

("C:\Program Files\MiKTeX 2.9\tex\generic\oberdiek\ifpdf.sty"
Package: ifpdf 2016/05/14 v3.1 Provides the ifpdf switch
)
("C:\Program Files\MiKTeX 2.9\tex\generic\oberdiek\ifvtex.sty"
Package: ifvtex 2016/05/16 v1.6 Detect VTeX and its facilities (HO)
Package ifvtex Info: VTeX not detected.
)
("C:\Program Files\MiKTeX 2.9\tex\generic\ifxetex\ifxetex.sty"
Package: ifxetex 2010/09/12 v0.6 Provides ifxetex conditional
)
\Gm@cnth=\count88
\Gm@cntv=\count89
\c@Gm@tempcnt=\count90
\Gm@bindingoffset=\dimen105
\Gm@wd@mp=\dimen106
\Gm@odd@mp=\dimen107
\Gm@even@mp=\dimen108
\Gm@layoutwidth=\dimen109
\Gm@layoutheight=\dimen110
\Gm@layouthoffset=\dimen111
\Gm@layoutvoffset=\dimen112
\Gm@dimlist=\toks16

("C:\Program Files\MiKTeX 2.9\tex\latex\geometry\geometry.cfg"))
("C:\Program Files\MiKTeX 2.9\tex\latex\listings\listings.sty"
\lst@mode=\count91
\lst@gtempboxa=\box26
\lst@token=\toks17
\lst@length=\count92
\lst@currlwidth=\dimen113
\lst@column=\count93
\lst@pos=\count94
\lst@lostspace=\dimen114
\lst@width=\dimen115
\lst@newlines=\count95
\lst@lineno=\count96
\lst@maxwidth=\dimen116

("C:\Program Files\MiKTeX 2.9\tex\latex\listings\lstmisc.sty"
File: lstmisc.sty 2015/06/04 1.6 (Carsten Heinz)
\c@lstnumber=\count97
\lst@skipnumbers=\count98
\lst@framebox=\box27
)
("C:\Program Files\MiKTeX 2.9\tex\latex\listings\listings.cfg"
File: listings.cfg 2015/06/04 1.6 listings configuration
))
Package: listings 2015/06/04 1.6 (Carsten Heinz)
 (mcode.sty
-- Package: `mcode' 2.7 <2015/11/11> --
Package: mcode 2015/11/11 2.7
 - settings optimized for display (colour formating)
 - line numbering enabled
 - literate programming (character replacements) enabled
 - automatic line breaking enabled (careful, buggy!)
 - framed listings
("C:\Program Files\MiKTeX 2.9\tex\latex\xcolor\xcolor.sty"
Package: xcolor 2016/05/11 v2.12 LaTeX color extensions (UK)

("C:\Program Files\MiKTeX 2.9\tex\latex\00miktex\color.cfg"
File: color.cfg 2016/01/02 v1.6 sample color configuration
)
Package xcolor Info: Driver file: pdftex.def on input line 225.
Package xcolor Info: Model `cmy' substituted by `cmy0' on input line 1348.
Package xcolor Info: Model `hsb' substituted by `rgb' on input line 1352.
Package xcolor Info: Model `RGB' extended on input line 1364.
Package xcolor Info: Model `HTML' substituted by `rgb' on input line 1366.
Package xcolor Info: Model `Hsb' substituted by `hsb' on input line 1367.
Package xcolor Info: Model `tHsb' substituted by `hsb' on input line 1368.
Package xcolor Info: Model `HSB' substituted by `hsb' on input line 1369.
Package xcolor Info: Model `Gray' substituted by `gray' on input line 1370.
Package xcolor Info: Model `wave' substituted by `hsb' on input line 1371.
)
("C:\Program Files\MiKTeX 2.9\tex\latex\base\textcomp.sty"
Package: textcomp 2005/09/27 v1.99g Standard LaTeX package
Package textcomp Info: Sub-encoding information:
(textcomp)               5 = only ISO-Adobe without \textcurrency
(textcomp)               4 = 5 + \texteuro
(textcomp)               3 = 4 + \textohm
(textcomp)               2 = 3 + \textestimated + \textcurrency
(textcomp)               1 = TS1 - \textcircled - \t
(textcomp)               0 = TS1 (full)
(textcomp)             Font families with sub-encoding setting implement
(textcomp)             only a restricted character set as indicated.
(textcomp)             Family '?' is the default used for unknown fonts.
(textcomp)             See the documentation for details.
Package textcomp Info: Setting ? sub-encoding to TS1/1 on input line 79.

("C:\Program Files\MiKTeX 2.9\tex\latex\base\ts1enc.def"
File: ts1enc.def 2001/06/05 v3.0e (jk/car/fm) Standard LaTeX file
)
LaTeX Info: Redefining \oldstylenums on input line 334.
Package textcomp Info: Setting cmr sub-encoding to TS1/0 on input line 349.
Package textcomp Info: Setting cmss sub-encoding to TS1/0 on input line 350.
Package textcomp Info: Setting cmtt sub-encoding to TS1/0 on input line 351.
Package textcomp Info: Setting cmvtt sub-encoding to TS1/0 on input line 352.
Package textcomp Info: Setting cmbr sub-encoding to TS1/0 on input line 353.
Package textcomp Info: Setting cmtl sub-encoding to TS1/0 on input line 354.
Package textcomp Info: Setting ccr sub-encoding to TS1/0 on input line 355.
Package textcomp Info: Setting ptm sub-encoding to TS1/4 on input line 356.
Package textcomp Info: Setting pcr sub-encoding to TS1/4 on input line 357.
Package textcomp Info: Setting phv sub-encoding to TS1/4 on input line 358.
Package textcomp Info: Setting ppl sub-encoding to TS1/3 on input line 359.
Package textcomp Info: Setting pag sub-encoding to TS1/4 on input line 360.
Package textcomp Info: Setting pbk sub-encoding to TS1/4 on input line 361.
Package textcomp Info: Setting pnc sub-encoding to TS1/4 on input line 362.
Package textcomp Info: Setting pzc sub-encoding to TS1/4 on input line 363.
Package textcomp Info: Setting bch sub-encoding to TS1/4 on input line 364.
Package textcomp Info: Setting put sub-encoding to TS1/5 on input line 365.
Package textcomp Info: Setting uag sub-encoding to TS1/5 on input line 366.
Package textcomp Info: Setting ugq sub-encoding to TS1/5 on input line 367.
Package textcomp Info: Setting ul8 sub-encoding to TS1/4 on input line 368.
Package textcomp Info: Setting ul9 sub-encoding to TS1/4 on input line 369.
Package textcomp Info: Setting augie sub-encoding to TS1/5 on input line 370.
Package textcomp Info: Setting dayrom sub-encoding to TS1/3 on input line 371.
Package textcomp Info: Setting dayroms sub-encoding to TS1/3 on input line 372.

Package textcomp Info: Setting pxr sub-encoding to TS1/0 on input line 373.
Package textcomp Info: Setting pxss sub-encoding to TS1/0 on input line 374.
Package textcomp Info: Setting pxtt sub-encoding to TS1/0 on input line 375.
Package textcomp Info: Setting txr sub-encoding to TS1/0 on input line 376.
Package textcomp Info: Setting txss sub-encoding to TS1/0 on input line 377.
Package textcomp Info: Setting txtt sub-encoding to TS1/0 on input line 378.
Package textcomp Info: Setting lmr sub-encoding to TS1/0 on input line 379.
Package textcomp Info: Setting lmdh sub-encoding to TS1/0 on input line 380.
Package textcomp Info: Setting lmss sub-encoding to TS1/0 on input line 381.
Package textcomp Info: Setting lmssq sub-encoding to TS1/0 on input line 382.
Package textcomp Info: Setting lmvtt sub-encoding to TS1/0 on input line 383.
Package textcomp Info: Setting lmtt sub-encoding to TS1/0 on input line 384.
Package textcomp Info: Setting qhv sub-encoding to TS1/0 on input line 385.
Package textcomp Info: Setting qag sub-encoding to TS1/0 on input line 386.
Package textcomp Info: Setting qbk sub-encoding to TS1/0 on input line 387.
Package textcomp Info: Setting qcr sub-encoding to TS1/0 on input line 388.
Package textcomp Info: Setting qcs sub-encoding to TS1/0 on input line 389.
Package textcomp Info: Setting qpl sub-encoding to TS1/0 on input line 390.
Package textcomp Info: Setting qtm sub-encoding to TS1/0 on input line 391.
Package textcomp Info: Setting qzc sub-encoding to TS1/0 on input line 392.
Package textcomp Info: Setting qhvc sub-encoding to TS1/0 on input line 393.
Package textcomp Info: Setting futs sub-encoding to TS1/4 on input line 394.
Package textcomp Info: Setting futx sub-encoding to TS1/4 on input line 395.
Package textcomp Info: Setting futj sub-encoding to TS1/4 on input line 396.
Package textcomp Info: Setting hlh sub-encoding to TS1/3 on input line 397.
Package textcomp Info: Setting hls sub-encoding to TS1/3 on input line 398.
Package textcomp Info: Setting hlst sub-encoding to TS1/3 on input line 399.
Package textcomp Info: Setting hlct sub-encoding to TS1/5 on input line 400.
Package textcomp Info: Setting hlx sub-encoding to TS1/5 on input line 401.
Package textcomp Info: Setting hlce sub-encoding to TS1/5 on input line 402.
Package textcomp Info: Setting hlcn sub-encoding to TS1/5 on input line 403.
Package textcomp Info: Setting hlcw sub-encoding to TS1/5 on input line 404.
Package textcomp Info: Setting hlcf sub-encoding to TS1/5 on input line 405.
Package textcomp Info: Setting pplx sub-encoding to TS1/3 on input line 406.
Package textcomp Info: Setting pplj sub-encoding to TS1/3 on input line 407.
Package textcomp Info: Setting ptmx sub-encoding to TS1/4 on input line 408.
Package textcomp Info: Setting ptmj sub-encoding to TS1/4 on input line 409.
)
\lbreakdots=\box28
LaTeX Font Info:    Try loading font information for OT1+pcr on input line 230.


("C:\Program Files\MiKTeX 2.9\tex\latex\psnfss\ot1pcr.fd"
File: ot1pcr.fd 2001/06/04 font definitions for OT1/pcr.
)) (assign2_sqx.aux)
\openout1 = `assign2_sqx.aux'.

LaTeX Font Info:    Checking defaults for OML/cmm/m/it on input line 18.
LaTeX Font Info:    ... okay on input line 18.
LaTeX Font Info:    Checking defaults for T1/cmr/m/n on input line 18.
LaTeX Font Info:    ... okay on input line 18.
LaTeX Font Info:    Checking defaults for OT1/cmr/m/n on input line 18.
LaTeX Font Info:    ... okay on input line 18.
LaTeX Font Info:    Checking defaults for OMS/cmsy/m/n on input line 18.
LaTeX Font Info:    ... okay on input line 18.
LaTeX Font Info:    Checking defaults for OMX/cmex/m/n on input line 18.
LaTeX Font Info:    ... okay on input line 18.
LaTeX Font Info:    Checking defaults for U/cmr/m/n on input line 18.
LaTeX Font Info:    ... okay on input line 18.
LaTeX Font Info:    Checking defaults for TS1/cmr/m/n on input line 18.
LaTeX Font Info:    Try loading font information for TS1+cmr on input line 18.

("C:\Program Files\MiKTeX 2.9\tex\latex\base\ts1cmr.fd"
File: ts1cmr.fd 2014/09/29 v2.5h Standard LaTeX font definitions
)
LaTeX Font Info:    ... okay on input line 18.

("C:\Program Files\MiKTeX 2.9\tex\context\base\supp-pdf.mkii"
[Loading MPS to PDF converter (version 2006.09.02).]
\scratchcounter=\count99
\scratchdimen=\dimen117
\scratchbox=\box29
\nofMPsegments=\count100
\nofMParguments=\count101
\everyMPshowfont=\toks18
\MPscratchCnt=\count102
\MPscratchDim=\dimen118
\MPnumerator=\count103
\makeMPintoPDFobject=\count104
\everyMPtoPDFconversion=\toks19
) ("C:\Program Files\MiKTeX 2.9\tex\generic\oberdiek\pdftexcmds.sty"
Package: pdftexcmds 2016/05/21 v0.22 Utility functions of pdfTeX for LuaTeX (HO
)

("C:\Program Files\MiKTeX 2.9\tex\generic\oberdiek\ifluatex.sty"
Package: ifluatex 2016/05/16 v1.4 Provides the ifluatex switch (HO)
Package ifluatex Info: LuaTeX not detected.
)
Package pdftexcmds Info: LuaTeX not detected.
Package pdftexcmds Info: \pdf@primitive is available.
Package pdftexcmds Info: \pdf@ifprimitive is available.
Package pdftexcmds Info: \pdfdraftmode found.
)
("C:\Program Files\MiKTeX 2.9\tex\latex\oberdiek\epstopdf-base.sty"
Package: epstopdf-base 2016/05/15 v2.6 Base part for package epstopdf

("C:\Program Files\MiKTeX 2.9\tex\latex\oberdiek\grfext.sty"
Package: grfext 2016/05/16 v1.2 Manage graphics extensions (HO)

("C:\Program Files\MiKTeX 2.9\tex\generic\oberdiek\kvdefinekeys.sty"
Package: kvdefinekeys 2016/05/16 v1.4 Define keys (HO)
))
("C:\Program Files\MiKTeX 2.9\tex\latex\oberdiek\kvoptions.sty"
Package: kvoptions 2016/05/16 v3.12 Key value format for package options (HO)

("C:\Program Files\MiKTeX 2.9\tex\generic\oberdiek\kvsetkeys.sty"
Package: kvsetkeys 2016/05/16 v1.17 Key value parser (HO)

("C:\Program Files\MiKTeX 2.9\tex\generic\oberdiek\etexcmds.sty"
Package: etexcmds 2016/05/16 v1.6 Avoid name clashes with e-TeX commands (HO)
Package etexcmds Info: Could not find \expanded.
(etexcmds)             That can mean that you are not using pdfTeX 1.50 or
(etexcmds)             that some package has redefined \expanded.
(etexcmds)             In the latter case, load this package earlier.
)))
Package epstopdf-base Info: Redefining graphics rule for `.eps' on input line 4
38.
Package grfext Info: Graphics extension search list:
(grfext)             [.png,.pdf,.jpg,.mps,.jpeg,.jbig2,.jb2,.PNG,.PDF,.JPG,.JPE
G,.JBIG2,.JB2,.eps]
(grfext)             \AppendGraphicsExtensions on input line 456.
)
*geometry* driver: auto-detecting
*geometry* detected driver: pdftex
*geometry* verbose mode - [ preamble ] result:
* driver: pdftex
* paper: a4paper
* layout: <same size as paper>
* layoutoffset:(h,v)=(0.0pt,0.0pt)
* modes: 
* h-part:(L,W,R)=(72.26999pt, 452.9679pt, 72.26999pt)
* v-part:(T,H,B)=(72.26999pt, 700.50687pt, 72.26999pt)
* \paperwidth=597.50787pt
* \paperheight=845.04684pt
* \textwidth=452.9679pt
* \textheight=700.50687pt
* \oddsidemargin=0.0pt
* \evensidemargin=0.0pt
* \topmargin=-37.0pt
* \headheight=12.0pt
* \headsep=25.0pt
* \topskip=12.0pt
* \footskip=30.0pt
* \marginparwidth=35.0pt
* \marginparsep=10.0pt
* \columnsep=10.0pt
* \skip\footins=10.8pt plus 4.0pt minus 2.0pt
* \hoffset=0.0pt
* \voffset=0.0pt
* \mag=1000
* \@twocolumnfalse
* \@twosidefalse
* \@mparswitchfalse
* \@reversemarginfalse
* (1in=72.27pt=25.4mm, 1cm=28.453pt)

\c@lstlisting=\count105
LaTeX Font Info:    External font `cmex10' loaded for size
(Font)              <14.4> on input line 19.
LaTeX Font Info:    External font `cmex10' loaded for size
(Font)              <7> on input line 19.
LaTeX Font Info:    External font `cmex10' loaded for size
(Font)              <12> on input line 24.
LaTeX Font Info:    External font `cmex10' loaded for size
(Font)              <8> on input line 24.
LaTeX Font Info:    External font `cmex10' loaded for size
(Font)              <6> on input line 24.
[1

{C:/ProgramData/MiKTeX/2.9/pdftex/config/pdftex.map}]
LaTeX Font Info:    Try loading font information for TS1+pcr on input line 59.

("C:\Program Files\MiKTeX 2.9\tex\latex\psnfss\ts1pcr.fd"
File: ts1pcr.fd 2001/06/04 font definitions for TS1/pcr.
)
Overfull \hbox (11.66144pt too wide) in paragraph at lines 76--77
[]\OT1/cmr/m/n/12 Similarly, the ode45 is used too with the deriva-tive func-ti
on sub-sti-tuted with adap[]control,
 []

Package epstopdf Info: Source file: <figs/emk0_5.eps>
(epstopdf)                    date: 2017-03-09 22:41:10
(epstopdf)                    size: 19353 bytes
(epstopdf)             Output file: <figs/emk0_5-eps-converted-to.pdf>
(epstopdf)                    date: 2017-03-10 09:20:33
(epstopdf)                    size: 10501 bytes
(epstopdf)             Command: <epstopdf --outfile=figs/emk0_5-eps-converted-t
o.pdf figs/emk0_5.eps>
(epstopdf)             \includegraphics on input line 111.
Package epstopdf Info: Output file is already uptodate.
<figs/emk0_5-eps-converted-to.pdf, id=14, 420.57124pt x 316.18124pt>
File: figs/emk0_5-eps-converted-to.pdf Graphic file (type pdf)

<use figs/emk0_5-eps-converted-to.pdf>
Package pdftex.def Info: figs/emk0_5-eps-converted-to.pdf used on input line 11
1.
(pdftex.def)             Requested size: 199.16928pt x 149.73413pt.
LaTeX Font Info:    External font `cmex10' loaded for size
(Font)              <5> on input line 112.
Package epstopdf Info: Source file: <figs/emk1.eps>
(epstopdf)                    date: 2017-03-09 22:41:52
(epstopdf)                    size: 22483 bytes
(epstopdf)             Output file: <figs/emk1-eps-converted-to.pdf>
(epstopdf)                    date: 2017-03-10 09:20:34
(epstopdf)                    size: 11648 bytes
(epstopdf)             Command: <epstopdf --outfile=figs/emk1-eps-converted-to.
pdf figs/emk1.eps>
(epstopdf)             \includegraphics on input line 116.
Package epstopdf Info: Output file is already uptodate.

<figs/emk1-eps-converted-to.pdf, id=15, 420.57124pt x 316.18124pt>
File: figs/emk1-eps-converted-to.pdf Graphic file (type pdf)

<use figs/emk1-eps-converted-to.pdf>
Package pdftex.def Info: figs/emk1-eps-converted-to.pdf used on input line 116.

(pdftex.def)             Requested size: 199.16928pt x 149.73413pt.
Package epstopdf Info: Source file: <figs/emk5.eps>
(epstopdf)                    date: 2017-03-09 22:48:54
(epstopdf)                    size: 33086 bytes
(epstopdf)             Output file: <figs/emk5-eps-converted-to.pdf>
(epstopdf)                    date: 2017-03-10 09:20:35
(epstopdf)                    size: 17994 bytes
(epstopdf)             Command: <epstopdf --outfile=figs/emk5-eps-converted-to.
pdf figs/emk5.eps>
(epstopdf)             \includegraphics on input line 121.
Package epstopdf Info: Output file is already uptodate.

<figs/emk5-eps-converted-to.pdf, id=16, 421.575pt x 316.18124pt>
File: figs/emk5-eps-converted-to.pdf Graphic file (type pdf)

<use figs/emk5-eps-converted-to.pdf>
Package pdftex.def Info: figs/emk5-eps-converted-to.pdf used on input line 121.

(pdftex.def)             Requested size: 199.16928pt x 149.37712pt.
Package epstopdf Info: Source file: <figs/emk10.eps>
(epstopdf)                    date: 2017-03-09 22:49:10
(epstopdf)                    size: 41354 bytes
(epstopdf)             Output file: <figs/emk10-eps-converted-to.pdf>
(epstopdf)                    date: 2017-03-10 09:20:36
(epstopdf)                    size: 21819 bytes
(epstopdf)             Command: <epstopdf --outfile=figs/emk10-eps-converted-to
.pdf figs/emk10.eps>
(epstopdf)             \includegraphics on input line 126.
Package epstopdf Info: Output file is already uptodate.

<figs/emk10-eps-converted-to.pdf, id=17, 420.57124pt x 316.18124pt>
File: figs/emk10-eps-converted-to.pdf Graphic file (type pdf)

<use figs/emk10-eps-converted-to.pdf>
Package pdftex.def Info: figs/emk10-eps-converted-to.pdf used on input line 126
.
(pdftex.def)             Requested size: 199.16928pt x 149.73413pt.
Package epstopdf Info: Source file: <figs/emk20.eps>
(epstopdf)                    date: 2017-03-09 22:50:59
(epstopdf)                    size: 53856 bytes
(epstopdf)             Output file: <figs/emk20-eps-converted-to.pdf>
(epstopdf)                    date: 2017-03-10 09:20:37
(epstopdf)                    size: 22665 bytes
(epstopdf)             Command: <epstopdf --outfile=figs/emk20-eps-converted-to
.pdf figs/emk20.eps>
(epstopdf)             \includegraphics on input line 131.
Package epstopdf Info: Output file is already uptodate.

<figs/emk20-eps-converted-to.pdf, id=18, 421.575pt x 316.18124pt>
File: figs/emk20-eps-converted-to.pdf Graphic file (type pdf)

<use figs/emk20-eps-converted-to.pdf>
Package pdftex.def Info: figs/emk20-eps-converted-to.pdf used on input line 131
.
(pdftex.def)             Requested size: 199.16928pt x 149.37712pt.
Package epstopdf Info: Source file: <figs/emk50.eps>
(epstopdf)                    date: 2017-03-09 22:51:42
(epstopdf)                    size: 78756 bytes
(epstopdf)             Output file: <figs/emk50-eps-converted-to.pdf>
(epstopdf)                    date: 2017-03-10 09:20:38
(epstopdf)                    size: 15145 bytes
(epstopdf)             Command: <epstopdf --outfile=figs/emk50-eps-converted-to
.pdf figs/emk50.eps>
(epstopdf)             \includegraphics on input line 136.
Package epstopdf Info: Output file is already uptodate.

<figs/emk50-eps-converted-to.pdf, id=19, 421.575pt x 316.18124pt>
File: figs/emk50-eps-converted-to.pdf Graphic file (type pdf)

<use figs/emk50-eps-converted-to.pdf>
Package pdftex.def Info: figs/emk50-eps-converted-to.pdf used on input line 136
.
(pdftex.def)             Requested size: 199.16928pt x 149.37712pt.
Package epstopdf Info: Source file: <figs/adap_1_init1.eps>
(epstopdf)                    date: 2017-03-10 09:48:54
(epstopdf)                    size: 132363 bytes
(epstopdf)             Output file: <figs/adap_1_init1-eps-converted-to.pdf>
(epstopdf)                    date: 2017-03-10 10:14:54
(epstopdf)                    size: 85779 bytes
(epstopdf)             Command: <epstopdf --outfile=figs/adap_1_init1-eps-conve
rted-to.pdf figs/adap_1_init1.eps>
(epstopdf)             \includegraphics on input line 146.
Package epstopdf Info: Output file is already uptodate.

<figs/adap_1_init1-eps-converted-to.pdf, id=20, 420.57124pt x 316.18124pt>
File: figs/adap_1_init1-eps-converted-to.pdf Graphic file (type pdf)

<use figs/adap_1_init1-eps-converted-to.pdf>
Package pdftex.def Info: figs/adap_1_init1-eps-converted-to.pdf used on input l
ine 146.
(pdftex.def)             Requested size: 362.37569pt x 272.43161pt.
Package epstopdf Info: Source file: <figs/adap_5_init1.eps>
(epstopdf)                    date: 2017-03-10 09:53:16
(epstopdf)                    size: 137942 bytes
(epstopdf)             Output file: <figs/adap_5_init1-eps-converted-to.pdf>
(epstopdf)                    date: 2017-03-10 10:14:55
(epstopdf)                    size: 97810 bytes
(epstopdf)             Command: <epstopdf --outfile=figs/adap_5_init1-eps-conve
rted-to.pdf figs/adap_5_init1.eps>
(epstopdf)             \includegraphics on input line 153.
Package epstopdf Info: Output file is already uptodate.

<figs/adap_5_init1-eps-converted-to.pdf, id=21, 420.57124pt x 316.18124pt>
File: figs/adap_5_init1-eps-converted-to.pdf Graphic file (type pdf)

<use figs/adap_5_init1-eps-converted-to.pdf>
Package pdftex.def Info: figs/adap_5_init1-eps-converted-to.pdf used on input l
ine 153.
(pdftex.def)             Requested size: 362.37569pt x 272.43161pt.
Package epstopdf Info: Source file: <figs/adap_1_init2.eps>
(epstopdf)                    date: 2017-03-10 09:58:54
(epstopdf)                    size: 187172 bytes
(epstopdf)             Output file: <figs/adap_1_init2-eps-converted-to.pdf>
(epstopdf)                    date: 2017-03-10 10:14:57
(epstopdf)                    size: 110436 bytes
(epstopdf)             Command: <epstopdf --outfile=figs/adap_1_init2-eps-conve
rted-to.pdf figs/adap_1_init2.eps>
(epstopdf)             \includegraphics on input line 160.
Package epstopdf Info: Output file is already uptodate.

<figs/adap_1_init2-eps-converted-to.pdf, id=22, 421.575pt x 316.18124pt>
File: figs/adap_1_init2-eps-converted-to.pdf Graphic file (type pdf)

<use figs/adap_1_init2-eps-converted-to.pdf>
Package pdftex.def Info: figs/adap_1_init2-eps-converted-to.pdf used on input l
ine 160.
(pdftex.def)             Requested size: 362.37569pt x 271.78513pt.
 [2] [3 <./figs/emk0_5-eps-converted-to.pdf> <./figs/emk1-eps-converted-to.pdf>
 <./figs/emk5-eps-converted-to.pdf> <./figs/emk10-eps-converted-to.pdf> <./figs
/emk20-eps-converted-to.pdf> <./figs/emk50-eps-converted-to.pdf>] [4 <./figs/ad
ap_1_init1-eps-converted-to.pdf> <./figs/adap_5_init1-eps-converted-to.pdf>] [5
 <./figs/adap_1_init2-eps-converted-to.pdf>] (assign2_sqx.aux) ) 
Here is how much of TeX's memory you used:
 4338 strings out of 493335
 62314 string characters out of 3139269
 148518 words of memory out of 3000000
 7811 multiletter control sequences out of 15000+200000
 9525 words of font info for 34 fonts, out of 3000000 for 9000
 1141 hyphenation exceptions out of 8191
 40i,10n,42p,617b,1528s stack positions out of 5000i,500n,10000p,200000b,50000s
{C:/Program Fil
es/MiKTeX 2.9/fonts/enc/dvips/fontname/8r.enc}<C:/Program Files/MiKTeX 2.9/font
s/type1/public/amsfonts/cm/cmbx12.pfb><C:/Program Files/MiKTeX 2.9/fonts/type1/
public/amsfonts/cm/cmmi10.pfb><C:/Program Files/MiKTeX 2.9/fonts/type1/public/a
msfonts/cm/cmmi12.pfb><C:/Program Files/MiKTeX 2.9/fonts/type1/public/amsfonts/
cm/cmmi8.pfb><C:/Program Files/MiKTeX 2.9/fonts/type1/public/amsfonts/cm/cmr10.
pfb><C:/Program Files/MiKTeX 2.9/fonts/type1/public/amsfonts/cm/cmr12.pfb><C:/P
rogram Files/MiKTeX 2.9/fonts/type1/public/amsfonts/cm/cmr17.pfb><C:/Program Fi
les/MiKTeX 2.9/fonts/type1/public/amsfonts/cm/cmr6.pfb><C:/Program Files/MiKTeX
 2.9/fonts/type1/public/amsfonts/cm/cmr8.pfb><C:/Program Files/MiKTeX 2.9/fonts
/type1/public/amsfonts/cm/cmsy10.pfb><C:/Program Files/MiKTeX 2.9/fonts/type1/p
ublic/amsfonts/cm/cmsy8.pfb><C:/Program Files/MiKTeX 2.9/fonts/type1/urw/courie
r/ucrr8a.pfb>
Output written on assign2_sqx.pdf (5 pages, 514005 bytes).
PDF statistics:
 118 PDF objects out of 1000 (max. 8388607)
 0 named destinations out of 1000 (max. 500000)
 46 words of extra memory for PDF output out of 10000 (max. 10000000)

